<?xml version="1.0" encoding="UTF-8"?>
<coverage generated="1514031907426" clover="3.2.0">
  <project timestamp="1514031907426" name="All files">
    <metrics statements="63" coveredstatements="23" conditionals="14" coveredconditionals="1" methods="38" coveredmethods="8" elements="115" coveredelements="32" complexity="0" loc="63" ncloc="63" packages="2" files="8" classes="8">
      <package name="src">
        <metrics statements="22" coveredstatements="0" conditionals="2" coveredconditionals="0" methods="11" coveredmethods="0"/>
        <file name="BooksAPI.js" path="/home/junior/projects/nanodegree-udacity/reactnd-project-myreads-starter/src/BooksAPI.js">
          <metrics statements="21" coveredstatements="0" conditionals="2" coveredconditionals="0" methods="11" coveredmethods="0"/>
          <line num="1" count="0" type="stmt"/>
          <line num="2" count="0" type="stmt"/>
          <line num="6" count="0" type="stmt"/>
          <line num="7" count="0" type="cond" truecount="0" falsecount="2"/>
          <line num="8" count="0" type="stmt"/>
          <line num="10" count="0" type="stmt"/>
          <line num="15" count="0" type="stmt"/>
          <line num="16" count="0" type="stmt"/>
          <line num="17" count="0" type="stmt"/>
          <line num="18" count="0" type="stmt"/>
          <line num="20" count="0" type="stmt"/>
          <line num="21" count="0" type="stmt"/>
          <line num="22" count="0" type="stmt"/>
          <line num="23" count="0" type="stmt"/>
          <line num="25" count="0" type="stmt"/>
          <line num="26" count="0" type="stmt"/>
          <line num="33" count="0" type="stmt"/>
          <line num="35" count="0" type="stmt"/>
          <line num="36" count="0" type="stmt"/>
          <line num="43" count="0" type="stmt"/>
          <line num="44" count="0" type="stmt"/>
        </file>
        <file name="index.js" path="/home/junior/projects/nanodegree-udacity/reactnd-project-myreads-starter/src/index.js">
          <metrics statements="1" coveredstatements="0" conditionals="0" coveredconditionals="0" methods="0" coveredmethods="0"/>
          <line num="1" count="0" type="stmt"/>
        </file>
      </package>
      <package name="src.components">
        <metrics statements="41" coveredstatements="23" conditionals="12" coveredconditionals="1" methods="27" coveredmethods="8"/>
        <file name="AddBook.js" path="/home/junior/projects/nanodegree-udacity/reactnd-project-myreads-starter/src/components/AddBook.js">
          <metrics statements="9" coveredstatements="0" conditionals="10" coveredconditionals="0" methods="6" coveredmethods="0"/>
          <line num="1" count="0" type="stmt"/>
          <line num="5" count="0" type="cond" truecount="0" falsecount="4"/>
          <line num="23" count="0" type="cond" truecount="0" falsecount="2"/>
          <line num="24" count="0" type="stmt"/>
          <line num="27" count="0" type="stmt"/>
          <line num="50" count="0" type="stmt"/>
          <line num="52" count="0" type="stmt"/>
          <line num="65" count="0" type="stmt"/>
          <line num="78" count="0" type="stmt"/>
        </file>
        <file name="App.js" path="/home/junior/projects/nanodegree-udacity/reactnd-project-myreads-starter/src/components/App.js">
          <metrics statements="3" coveredstatements="2" conditionals="0" coveredconditionals="0" methods="2" coveredmethods="1"/>
          <line num="8" count="1" type="stmt"/>
          <line num="10" count="1" type="stmt"/>
          <line num="14" count="0" type="stmt"/>
        </file>
        <file name="Book.js" path="/home/junior/projects/nanodegree-udacity/reactnd-project-myreads-starter/src/components/Book.js">
          <metrics statements="5" coveredstatements="5" conditionals="0" coveredconditionals="0" methods="3" coveredmethods="2"/>
          <line num="5" count="1" type="stmt"/>
          <line num="13" count="2" type="stmt"/>
          <line num="32" count="1" type="stmt"/>
          <line num="41" count="1" type="stmt"/>
          <line num="50" count="1" type="stmt"/>
        </file>
        <file name="BookChanger.js" path="/home/junior/projects/nanodegree-udacity/reactnd-project-myreads-starter/src/components/BookChanger.js">
          <metrics statements="8" coveredstatements="5" conditionals="0" coveredconditionals="0" methods="5" coveredmethods="1"/>
          <line num="5" count="1" type="stmt"/>
          <line num="7" count="2" type="stmt"/>
          <line num="8" count="0" type="stmt"/>
          <line num="9" count="0" type="stmt"/>
          <line num="12" count="2" type="stmt"/>
          <line num="14" count="0" type="stmt"/>
          <line num="25" count="1" type="stmt"/>
          <line num="31" count="1" type="stmt"/>
        </file>
        <file name="BookSection.js" path="/home/junior/projects/nanodegree-udacity/reactnd-project-myreads-starter/src/components/BookSection.js">
          <metrics statements="5" coveredstatements="4" conditionals="0" coveredconditionals="0" methods="3" coveredmethods="1"/>
          <line num="5" count="1" type="stmt"/>
          <line num="10" count="2" type="stmt"/>
          <line num="15" count="0" type="stmt"/>
          <line num="31" count="1" type="stmt"/>
          <line num="37" count="1" type="stmt"/>
        </file>
        <file name="ListOfBooks.js" path="/home/junior/projects/nanodegree-udacity/reactnd-project-myreads-starter/src/components/ListOfBooks.js">
          <metrics statements="11" coveredstatements="7" conditionals="2" coveredconditionals="1" methods="8" coveredmethods="3"/>
          <line num="25" count="1" type="stmt"/>
          <line num="26" count="1" type="stmt"/>
          <line num="27" count="1" type="stmt"/>
          <line num="29" count="1" type="stmt"/>
          <line num="31" count="1" type="stmt"/>
          <line num="32" count="0" type="stmt"/>
          <line num="33" count="0" type="stmt"/>
          <line num="34" count="0" type="stmt"/>
          <line num="41" count="0" type="stmt"/>
          <line num="45" count="1" type="stmt"/>
          <line num="47" count="1" type="stmt"/>
        </file>
      </package>
    </metrics>
  </project>
</coverage>
