{"/home/junior/projects/nanodegree-udacity/reactnd-project-myreads-starter/src/BooksAPI.js": {"path":"/home/junior/projects/nanodegree-udacity/reactnd-project-myreads-starter/src/BooksAPI.js","statementMap":{"0":{"start":{"line":1,"column":39},"end":{"line":1,"column":101}},"1":{"start":{"line":2,"column":12},"end":{"line":2,"column":51}},"2":{"start":{"line":6,"column":12},"end":{"line":6,"column":30}},"3":{"start":{"line":7,"column":0},"end":{"line":8,"column":67}},"4":{"start":{"line":8,"column":0},"end":{"line":8,"column":67}},"5":{"start":{"line":10,"column":16},"end":{"line":12,"column":26}},"6":{"start":{"line":15,"column":38},"end":{"line":18,"column":23}},"7":{"start":{"line":16,"column":0},"end":{"line":18,"column":23}},"8":{"start":{"line":17,"column":12},"end":{"line":17,"column":22}},"9":{"start":{"line":18,"column":13},"end":{"line":18,"column":22}},"10":{"start":{"line":20,"column":41},"end":{"line":23,"column":24}},"11":{"start":{"line":21,"column":0},"end":{"line":23,"column":24}},"12":{"start":{"line":22,"column":12},"end":{"line":22,"column":22}},"13":{"start":{"line":23,"column":13},"end":{"line":23,"column":23}},"14":{"start":{"line":25,"column":41},"end":{"line":33,"column":23}},"15":{"start":{"line":26,"column":0},"end":{"line":33,"column":23}},"16":{"start":{"line":33,"column":12},"end":{"line":33,"column":22}},"17":{"start":{"line":35,"column":41},"end":{"line":44,"column":24}},"18":{"start":{"line":36,"column":0},"end":{"line":44,"column":24}},"19":{"start":{"line":43,"column":12},"end":{"line":43,"column":22}},"20":{"start":{"line":44,"column":13},"end":{"line":44,"column":23}}},"fnMap":{"0":{"name":"(anonymous_0)","decl":{"start":{"line":15,"column":52},"end":{"line":15,"column":53}},"loc":{"start":{"line":16,"column":0},"end":{"line":18,"column":23}},"line":16},"1":{"name":"(anonymous_1)","decl":{"start":{"line":17,"column":5},"end":{"line":17,"column":6}},"loc":{"start":{"line":17,"column":12},"end":{"line":17,"column":22}},"line":17},"2":{"name":"(anonymous_2)","decl":{"start":{"line":18,"column":5},"end":{"line":18,"column":6}},"loc":{"start":{"line":18,"column":13},"end":{"line":18,"column":22}},"line":18},"3":{"name":"(anonymous_3)","decl":{"start":{"line":20,"column":58},"end":{"line":20,"column":59}},"loc":{"start":{"line":21,"column":0},"end":{"line":23,"column":24}},"line":21},"4":{"name":"(anonymous_4)","decl":{"start":{"line":22,"column":5},"end":{"line":22,"column":6}},"loc":{"start":{"line":22,"column":12},"end":{"line":22,"column":22}},"line":22},"5":{"name":"(anonymous_5)","decl":{"start":{"line":23,"column":5},"end":{"line":23,"column":6}},"loc":{"start":{"line":23,"column":13},"end":{"line":23,"column":23}},"line":23},"6":{"name":"(anonymous_6)","decl":{"start":{"line":25,"column":58},"end":{"line":25,"column":59}},"loc":{"start":{"line":26,"column":0},"end":{"line":33,"column":23}},"line":26},"7":{"name":"(anonymous_7)","decl":{"start":{"line":33,"column":5},"end":{"line":33,"column":6}},"loc":{"start":{"line":33,"column":12},"end":{"line":33,"column":22}},"line":33},"8":{"name":"(anonymous_8)","decl":{"start":{"line":35,"column":58},"end":{"line":35,"column":59}},"loc":{"start":{"line":36,"column":0},"end":{"line":44,"column":24}},"line":36},"9":{"name":"(anonymous_9)","decl":{"start":{"line":43,"column":5},"end":{"line":43,"column":6}},"loc":{"start":{"line":43,"column":12},"end":{"line":43,"column":22}},"line":43},"10":{"name":"(anonymous_10)","decl":{"start":{"line":44,"column":5},"end":{"line":44,"column":6}},"loc":{"start":{"line":44,"column":13},"end":{"line":44,"column":23}},"line":44}},"branchMap":{"0":{"loc":{"start":{"line":7,"column":0},"end":{"line":8,"column":67}},"type":"if","locations":[{"start":{"line":7,"column":0},"end":{"line":8,"column":67}},{"start":{"line":7,"column":0},"end":{"line":8,"column":67}}],"line":7}},"s":{"0":0,"1":0,"2":0,"3":0,"4":0,"5":0,"6":0,"7":0,"8":0,"9":0,"10":0,"11":0,"12":0,"13":0,"14":0,"15":0,"16":0,"17":0,"18":0,"19":0,"20":0},"f":{"0":0,"1":0,"2":0,"3":0,"4":0,"5":0,"6":0,"7":0,"8":0,"9":0,"10":0},"b":{"0":[0,0]}}
,"/home/junior/projects/nanodegree-udacity/reactnd-project-myreads-starter/src/index.js": {"path":"/home/junior/projects/nanodegree-udacity/reactnd-project-myreads-starter/src/index.js","statementMap":{"0":{"start":{"line":1,"column":58},"end":{"line":1,"column":145}}},"fnMap":{},"branchMap":{},"s":{"0":0},"f":{},"b":{}}
,"/home/junior/projects/nanodegree-udacity/reactnd-project-myreads-starter/src/components/AddBook.js": {"path":"/home/junior/projects/nanodegree-udacity/reactnd-project-myreads-starter/src/components/AddBook.js","statementMap":{"0":{"start":{"line":1,"column":39},"end":{"line":1,"column":101}},"1":{"start":{"line":1,"column":120},"end":{"line":1,"column":220}},"2":{"start":{"line":5,"column":164},"end":{"line":5,"column":218}},"3":{"start":{"line":23,"column":4},"end":{"line":25,"column":5}},"4":{"start":{"line":24,"column":6},"end":{"line":24,"column":13}},"5":{"start":{"line":27,"column":4},"end":{"line":27,"column":39}},"6":{"start":{"line":50,"column":40},"end":{"line":50,"column":50}},"7":{"start":{"line":52,"column":4},"end":{"line":84,"column":115}},"8":{"start":{"line":65,"column":33},"end":{"line":65,"column":71}},"9":{"start":{"line":78,"column":38},"end":{"line":84,"column":109}}},"fnMap":{"0":{"name":"_interopRequireDefault","decl":{"start":{"line":5,"column":135},"end":{"line":5,"column":157}},"loc":{"start":{"line":5,"column":163},"end":{"line":5,"column":219}},"line":5},"1":{"name":"(anonymous_1)","decl":{"start":{"line":16,"column":2},"end":{"line":16,"column":3}},"loc":{"start":{"line":16,"column":22},"end":{"line":20,"column":3}},"line":16},"2":{"name":"(anonymous_2)","decl":{"start":{"line":22,"column":2},"end":{"line":22,"column":3}},"loc":{"start":{"line":22,"column":23},"end":{"line":47,"column":3}},"line":22},"3":{"name":"(anonymous_3)","decl":{"start":{"line":49,"column":2},"end":{"line":49,"column":3}},"loc":{"start":{"line":49,"column":11},"end":{"line":91,"column":3}},"line":49},"4":{"name":"(anonymous_4)","decl":{"start":{"line":65,"column":24},"end":{"line":65,"column":25}},"loc":{"start":{"line":65,"column":33},"end":{"line":65,"column":71}},"line":65},"5":{"name":"(anonymous_5)","decl":{"start":{"line":77,"column":22},"end":{"line":77,"column":23}},"loc":{"start":{"line":78,"column":38},"end":{"line":84,"column":109}},"line":78}},"branchMap":{"0":{"loc":{"start":{"line":5,"column":171},"end":{"line":5,"column":217}},"type":"cond-expr","locations":[{"start":{"line":5,"column":195},"end":{"line":5,"column":198}},{"start":{"line":5,"column":201},"end":{"line":5,"column":217}}],"line":5},"1":{"loc":{"start":{"line":5,"column":171},"end":{"line":5,"column":192}},"type":"binary-expr","locations":[{"start":{"line":5,"column":171},"end":{"line":5,"column":174}},{"start":{"line":5,"column":178},"end":{"line":5,"column":192}}],"line":5},"2":{"loc":{"start":{"line":23,"column":4},"end":{"line":25,"column":5}},"type":"if","locations":[{"start":{"line":23,"column":4},"end":{"line":25,"column":5}},{"start":{"line":23,"column":4},"end":{"line":25,"column":5}}],"line":23},"3":{"loc":{"start":{"line":71,"column":12},"end":{"line":72,"column":204}},"type":"binary-expr","locations":[{"start":{"line":71,"column":12},"end":{"line":71,"column":28}}],"line":71},"4":{"loc":{"start":{"line":75,"column":12},"end":{"line":84,"column":110}},"type":"cond-expr","locations":[{"start":{"line":77,"column":12},"end":{"line":84,"column":110}}],"line":75},"5":{"loc":{"start":{"line":75,"column":12},"end":{"line":75,"column":50}},"type":"binary-expr","locations":[{"start":{"line":75,"column":12},"end":{"line":75,"column":30}},{"start":{"line":75,"column":34},"end":{"line":75,"column":50}}],"line":75}},"s":{"0":0,"1":0,"2":0,"3":0,"4":0,"5":0,"6":0,"7":0,"8":0,"9":0},"f":{"0":0,"1":0,"2":0,"3":0,"4":0,"5":0},"b":{"0":[0,0],"1":[0,0],"2":[0,0],"3":[0],"4":[0],"5":[0,0]}}
,"/home/junior/projects/nanodegree-udacity/reactnd-project-myreads-starter/src/components/App.js": {"path":"/home/junior/projects/nanodegree-udacity/reactnd-project-myreads-starter/src/components/App.js","statementMap":{"0":{"start":{"line":8,"column":17},"end":{"line":22,"column":3}},"1":{"start":{"line":10,"column":4},"end":{"line":21,"column":10}},"2":{"start":{"line":14,"column":22},"end":{"line":14,"column":65}}},"fnMap":{"0":{"name":"(anonymous_0)","decl":{"start":{"line":8,"column":17},"end":{"line":8,"column":18}},"loc":{"start":{"line":10,"column":4},"end":{"line":21,"column":10}},"line":10},"1":{"name":"(anonymous_1)","decl":{"start":{"line":14,"column":16},"end":{"line":14,"column":17}},"loc":{"start":{"line":14,"column":22},"end":{"line":14,"column":65}},"line":14}},"branchMap":{},"s":{"0":1,"1":1,"2":0},"f":{"0":1,"1":0},"b":{},"_coverageSchema":"332fd63041d2c1bcb487cc26dd0d5f7d97098a6c","hash":"28b90759a1579c600b2023a851d35415d3539976"}
,"/home/junior/projects/nanodegree-udacity/reactnd-project-myreads-starter/src/components/Book.js": {"path":"/home/junior/projects/nanodegree-udacity/reactnd-project-myreads-starter/src/components/Book.js","statementMap":{"0":{"start":{"line":5,"column":13},"end":{"line":38,"column":3}},"1":{"start":{"line":13,"column":2},"end":{"line":37,"column":8}},"2":{"start":{"line":32,"column":8},"end":{"line":34,"column":15}},"3":{"start":{"line":41,"column":0},"end":{"line":48,"column":1}},"4":{"start":{"line":50,"column":0},"end":{"line":57,"column":1}}},"fnMap":{"0":{"name":"(anonymous_0)","decl":{"start":{"line":5,"column":13},"end":{"line":5,"column":14}},"loc":{"start":{"line":13,"column":2},"end":{"line":37,"column":8}},"line":13},"1":{"name":"(anonymous_1)","decl":{"start":{"line":31,"column":19},"end":{"line":31,"column":20}},"loc":{"start":{"line":32,"column":8},"end":{"line":34,"column":15}},"line":32},"2":{"name":"(anonymous_2)","decl":{"start":{"line":56,"column":19},"end":{"line":56,"column":20}},"loc":{"start":{"line":56,"column":25},"end":{"line":56,"column":27}},"line":56}},"branchMap":{},"s":{"0":1,"1":2,"2":1,"3":1,"4":1},"f":{"0":2,"1":1,"2":0},"b":{},"_coverageSchema":"332fd63041d2c1bcb487cc26dd0d5f7d97098a6c","hash":"95292dbb18c26043581656734b211e1fb95d9a7e"}
,"/home/junior/projects/nanodegree-udacity/reactnd-project-myreads-starter/src/components/BookChanger.js": {"path":"/home/junior/projects/nanodegree-udacity/reactnd-project-myreads-starter/src/components/BookChanger.js","statementMap":{"0":{"start":{"line":5,"column":20},"end":{"line":23,"column":1}},"1":{"start":{"line":7,"column":26},"end":{"line":10,"column":3}},"2":{"start":{"line":8,"column":4},"end":{"line":9,"column":42}},"3":{"start":{"line":9,"column":20},"end":{"line":9,"column":41}},"4":{"start":{"line":12,"column":2},"end":{"line":22,"column":3}},"5":{"start":{"line":14,"column":50},"end":{"line":14,"column":93}},"6":{"start":{"line":25,"column":0},"end":{"line":29,"column":1}},"7":{"start":{"line":31,"column":0},"end":{"line":35,"column":1}}},"fnMap":{"0":{"name":"(anonymous_0)","decl":{"start":{"line":5,"column":20},"end":{"line":5,"column":21}},"loc":{"start":{"line":5,"column":61},"end":{"line":23,"column":1}},"line":5},"1":{"name":"(anonymous_1)","decl":{"start":{"line":7,"column":26},"end":{"line":7,"column":27}},"loc":{"start":{"line":7,"column":46},"end":{"line":10,"column":3}},"line":7},"2":{"name":"(anonymous_2)","decl":{"start":{"line":9,"column":12},"end":{"line":9,"column":13}},"loc":{"start":{"line":9,"column":20},"end":{"line":9,"column":41}},"line":9},"3":{"name":"(anonymous_3)","decl":{"start":{"line":14,"column":39},"end":{"line":14,"column":40}},"loc":{"start":{"line":14,"column":50},"end":{"line":14,"column":93}},"line":14},"4":{"name":"(anonymous_4)","decl":{"start":{"line":34,"column":19},"end":{"line":34,"column":20}},"loc":{"start":{"line":34,"column":25},"end":{"line":34,"column":27}},"line":34}},"branchMap":{},"s":{"0":1,"1":2,"2":0,"3":0,"4":2,"5":0,"6":1,"7":1},"f":{"0":2,"1":0,"2":0,"3":0,"4":0},"b":{},"_coverageSchema":"332fd63041d2c1bcb487cc26dd0d5f7d97098a6c","hash":"b4dcfbdfc38dc894288d3de78ff6e65dbbce3ad8"}
,"/home/junior/projects/nanodegree-udacity/reactnd-project-myreads-starter/src/components/BookSection.js": {"path":"/home/junior/projects/nanodegree-udacity/reactnd-project-myreads-starter/src/components/BookSection.js","statementMap":{"0":{"start":{"line":5,"column":20},"end":{"line":29,"column":3}},"1":{"start":{"line":10,"column":2},"end":{"line":28,"column":8}},"2":{"start":{"line":15,"column":10},"end":{"line":24,"column":15}},"3":{"start":{"line":31,"column":0},"end":{"line":35,"column":1}},"4":{"start":{"line":37,"column":0},"end":{"line":41,"column":1}}},"fnMap":{"0":{"name":"(anonymous_0)","decl":{"start":{"line":5,"column":20},"end":{"line":5,"column":21}},"loc":{"start":{"line":10,"column":2},"end":{"line":28,"column":8}},"line":10},"1":{"name":"(anonymous_1)","decl":{"start":{"line":14,"column":19},"end":{"line":14,"column":20}},"loc":{"start":{"line":15,"column":10},"end":{"line":24,"column":15}},"line":15},"2":{"name":"(anonymous_2)","decl":{"start":{"line":40,"column":19},"end":{"line":40,"column":20}},"loc":{"start":{"line":40,"column":25},"end":{"line":40,"column":27}},"line":40}},"branchMap":{},"s":{"0":1,"1":2,"2":0,"3":1,"4":1},"f":{"0":2,"1":0,"2":0},"b":{},"_coverageSchema":"332fd63041d2c1bcb487cc26dd0d5f7d97098a6c","hash":"16d76d1eaec80e504dc19610b43cb5ed08e7e11c"}
,"/home/junior/projects/nanodegree-udacity/reactnd-project-myreads-starter/src/components/ListOfBooks.js": {"path":"/home/junior/projects/nanodegree-udacity/reactnd-project-myreads-starter/src/components/ListOfBooks.js","statementMap":{"0":{"start":{"line":25,"column":29},"end":{"line":25,"column":47}},"1":{"start":{"line":26,"column":23},"end":{"line":26,"column":35}},"2":{"start":{"line":27,"column":17},"end":{"line":27,"column":23}},"3":{"start":{"line":29,"column":4},"end":{"line":37,"column":8}},"4":{"start":{"line":31,"column":8},"end":{"line":36,"column":10}},"5":{"start":{"line":32,"column":49},"end":{"line":32,"column":80}},"6":{"start":{"line":33,"column":43},"end":{"line":33,"column":68}},"7":{"start":{"line":34,"column":38},"end":{"line":34,"column":57}},"8":{"start":{"line":41,"column":4},"end":{"line":41,"column":29}},"9":{"start":{"line":45,"column":62},"end":{"line":45,"column":72}},"10":{"start":{"line":47,"column":4},"end":{"line":79,"column":5}}},"fnMap":{"0":{"name":"(anonymous_0)","decl":{"start":{"line":13,"column":12},"end":{"line":13,"column":13}},"loc":{"start":{"line":13,"column":18},"end":{"line":13,"column":20}},"line":13},"1":{"name":"(anonymous_1)","decl":{"start":{"line":24,"column":2},"end":{"line":24,"column":3}},"loc":{"start":{"line":24,"column":22},"end":{"line":38,"column":3}},"line":24},"2":{"name":"(anonymous_2)","decl":{"start":{"line":30,"column":12},"end":{"line":30,"column":13}},"loc":{"start":{"line":30,"column":21},"end":{"line":37,"column":7}},"line":30},"3":{"name":"(anonymous_3)","decl":{"start":{"line":32,"column":41},"end":{"line":32,"column":42}},"loc":{"start":{"line":32,"column":49},"end":{"line":32,"column":80}},"line":32},"4":{"name":"(anonymous_4)","decl":{"start":{"line":33,"column":35},"end":{"line":33,"column":36}},"loc":{"start":{"line":33,"column":43},"end":{"line":33,"column":68}},"line":33},"5":{"name":"(anonymous_5)","decl":{"start":{"line":34,"column":30},"end":{"line":34,"column":31}},"loc":{"start":{"line":34,"column":38},"end":{"line":34,"column":57}},"line":34},"6":{"name":"(anonymous_6)","decl":{"start":{"line":40,"column":20},"end":{"line":40,"column":21}},"loc":{"start":{"line":40,"column":30},"end":{"line":42,"column":3}},"line":40},"7":{"name":"(anonymous_7)","decl":{"start":{"line":44,"column":2},"end":{"line":44,"column":3}},"loc":{"start":{"line":44,"column":11},"end":{"line":80,"column":3}},"line":44}},"branchMap":{"0":{"loc":{"start":{"line":53,"column":9},"end":{"line":71,"column":16}},"type":"cond-expr","locations":[{"start":{"line":54,"column":10},"end":{"line":54,"column":61}},{"start":{"line":55,"column":10},"end":{"line":71,"column":16}}],"line":53}},"s":{"0":1,"1":1,"2":1,"3":1,"4":1,"5":0,"6":0,"7":0,"8":0,"9":1,"10":1},"f":{"0":0,"1":1,"2":1,"3":0,"4":0,"5":0,"6":0,"7":1},"b":{"0":[1,0]},"_coverageSchema":"332fd63041d2c1bcb487cc26dd0d5f7d97098a6c","hash":"2b7792774ac5fde6bd243b7db13b5ba0c362179a"}
}
