TN:
SF:/home/junior/projects/nanodegree-udacity/reactnd-project-myreads-starter/src/BooksAPI.js
FN:15,(anonymous_0)
FN:17,(anonymous_1)
FN:18,(anonymous_2)
FN:20,(anonymous_3)
FN:22,(anonymous_4)
FN:23,(anonymous_5)
FN:25,(anonymous_6)
FN:33,(anonymous_7)
FN:35,(anonymous_8)
FN:43,(anonymous_9)
FN:44,(anonymous_10)
FNF:11
FNH:0
FNDA:0,(anonymous_0)
FNDA:0,(anonymous_1)
FNDA:0,(anonymous_2)
FNDA:0,(anonymous_3)
FNDA:0,(anonymous_4)
FNDA:0,(anonymous_5)
FNDA:0,(anonymous_6)
FNDA:0,(anonymous_7)
FNDA:0,(anonymous_8)
FNDA:0,(anonymous_9)
FNDA:0,(anonymous_10)
DA:1,0
DA:2,0
DA:6,0
DA:7,0
DA:8,0
DA:10,0
DA:15,0
DA:16,0
DA:17,0
DA:18,0
DA:20,0
DA:21,0
DA:22,0
DA:23,0
DA:25,0
DA:26,0
DA:33,0
DA:35,0
DA:36,0
DA:43,0
DA:44,0
LF:21
LH:0
BRDA:7,0,0,0
BRDA:7,0,1,0
BRF:2
BRH:0
end_of_record
TN:
SF:/home/junior/projects/nanodegree-udacity/reactnd-project-myreads-starter/src/index.js
FNF:0
FNH:0
DA:1,0
LF:1
LH:0
BRF:0
BRH:0
end_of_record
TN:
SF:/home/junior/projects/nanodegree-udacity/reactnd-project-myreads-starter/src/components/AddBook.js
FN:5,_interopRequireDefault
FN:16,(anonymous_1)
FN:22,(anonymous_2)
FN:49,(anonymous_3)
FN:65,(anonymous_4)
FN:77,(anonymous_5)
FNF:6
FNH:0
FNDA:0,_interopRequireDefault
FNDA:0,(anonymous_1)
FNDA:0,(anonymous_2)
FNDA:0,(anonymous_3)
FNDA:0,(anonymous_4)
FNDA:0,(anonymous_5)
DA:1,0
DA:5,0
DA:23,0
DA:24,0
DA:27,0
DA:50,0
DA:52,0
DA:65,0
DA:78,0
LF:9
LH:0
BRDA:5,0,0,0
BRDA:5,0,1,0
BRDA:5,1,0,0
BRDA:5,1,1,0
BRDA:23,2,0,0
BRDA:23,2,1,0
BRDA:71,3,0,0
BRDA:75,4,0,0
BRDA:75,5,0,0
BRDA:75,5,1,0
BRF:10
BRH:0
end_of_record
TN:
SF:/home/junior/projects/nanodegree-udacity/reactnd-project-myreads-starter/src/components/App.js
FN:8,(anonymous_0)
FN:14,(anonymous_1)
FNF:2
FNH:1
FNDA:1,(anonymous_0)
FNDA:0,(anonymous_1)
DA:8,1
DA:10,1
DA:14,0
LF:3
LH:2
BRF:0
BRH:0
end_of_record
TN:
SF:/home/junior/projects/nanodegree-udacity/reactnd-project-myreads-starter/src/components/Book.js
FN:5,(anonymous_0)
FN:31,(anonymous_1)
FN:56,(anonymous_2)
FNF:3
FNH:2
FNDA:2,(anonymous_0)
FNDA:1,(anonymous_1)
FNDA:0,(anonymous_2)
DA:5,1
DA:13,2
DA:32,1
DA:41,1
DA:50,1
LF:5
LH:5
BRF:0
BRH:0
end_of_record
TN:
SF:/home/junior/projects/nanodegree-udacity/reactnd-project-myreads-starter/src/components/BookChanger.js
FN:5,(anonymous_0)
FN:7,(anonymous_1)
FN:9,(anonymous_2)
FN:14,(anonymous_3)
FN:34,(anonymous_4)
FNF:5
FNH:1
FNDA:2,(anonymous_0)
FNDA:0,(anonymous_1)
FNDA:0,(anonymous_2)
FNDA:0,(anonymous_3)
FNDA:0,(anonymous_4)
DA:5,1
DA:7,2
DA:8,0
DA:9,0
DA:12,2
DA:14,0
DA:25,1
DA:31,1
LF:8
LH:5
BRF:0
BRH:0
end_of_record
TN:
SF:/home/junior/projects/nanodegree-udacity/reactnd-project-myreads-starter/src/components/BookSection.js
FN:5,(anonymous_0)
FN:14,(anonymous_1)
FN:40,(anonymous_2)
FNF:3
FNH:1
FNDA:2,(anonymous_0)
FNDA:0,(anonymous_1)
FNDA:0,(anonymous_2)
DA:5,1
DA:10,2
DA:15,0
DA:31,1
DA:37,1
LF:5
LH:4
BRF:0
BRH:0
end_of_record
TN:
SF:/home/junior/projects/nanodegree-udacity/reactnd-project-myreads-starter/src/components/ListOfBooks.js
FN:13,(anonymous_0)
FN:24,(anonymous_1)
FN:30,(anonymous_2)
FN:32,(anonymous_3)
FN:33,(anonymous_4)
FN:34,(anonymous_5)
FN:40,(anonymous_6)
FN:44,(anonymous_7)
FNF:8
FNH:3
FNDA:0,(anonymous_0)
FNDA:1,(anonymous_1)
FNDA:1,(anonymous_2)
FNDA:0,(anonymous_3)
FNDA:0,(anonymous_4)
FNDA:0,(anonymous_5)
FNDA:0,(anonymous_6)
FNDA:1,(anonymous_7)
DA:25,1
DA:26,1
DA:27,1
DA:29,1
DA:31,1
DA:32,0
DA:33,0
DA:34,0
DA:41,0
DA:45,1
DA:47,1
LF:11
LH:7
BRDA:53,0,0,1
BRDA:53,0,1,0
BRF:2
BRH:1
end_of_record
